[2018-11-09 14:00:21] INFO: ***** STARTING PROCESSING *****
[2018-11-09 14:00:21] INFO: ***** Loading data ******
[2018-11-09 14:00:21] INFO: Loading 'single_cell_software.csv'...
[2018-11-09 14:00:22] INFO: Getting package repositories...
[2018-11-09 14:00:22] INFO: Getting Bioconductor package list...
[2018-11-09 14:00:24] INFO: Getting CRAN package list...
[2018-11-09 14:00:30] INFO: Getting PyPI package list...
[2018-11-09 14:00:35] INFO: Getting Anaconda package list...
[2018-11-09 14:01:45] INFO: Getting category descriptions...
[2018-11-09 14:08:57] INFO: ***** STARTING PROCESSING *****
[2018-11-09 14:08:57] INFO: ***** Loading data ******
[2018-11-09 14:08:57] INFO: Loading 'single_cell_software.csv'...
[2018-11-09 14:08:57] INFO: Getting package repositories...
[2018-11-09 14:08:57] INFO: Getting Bioconductor package list...
[2018-11-09 14:08:57] INFO: Getting CRAN package list...
[2018-11-09 14:09:22] INFO: ***** STARTING PROCESSING *****
[2018-11-09 14:09:22] INFO: ***** Loading data ******
[2018-11-09 14:09:22] INFO: Loading 'single_cell_software.csv'...
[2018-11-09 14:09:22] WARN: Skipping downloading of package lists, they may be out of date!
[2018-11-09 14:09:22] INFO: Getting category descriptions...
[2018-11-09 14:09:22] INFO: Getting cached titles...
[2018-11-09 14:09:22] INFO: Cache file missing, creating...
[2018-11-09 14:09:22] INFO: Adding new titles to cache...
[2018-11-09 14:09:22] INFO: Added 0 new titles to cache
[2018-11-09 14:09:22] INFO: Checking repositories...
[2018-11-09 14:09:54] INFO: ***** STARTING PROCESSING *****
[2018-11-09 14:09:54] INFO: ***** Loading data ******
[2018-11-09 14:09:54] INFO: Loading 'single_cell_software.csv'...
[2018-11-09 14:09:54] WARN: Skipping downloading of package lists, they may be out of date!
[2018-11-09 14:09:54] INFO: Getting category descriptions...
[2018-11-09 14:09:54] INFO: Getting cached titles...
[2018-11-09 14:09:54] INFO: Adding new titles to cache...
[2018-11-09 14:11:15] INFO: Added 49 new titles to cache
[2018-11-09 14:11:15] INFO: Checking repositories...
[2018-11-09 14:13:22] INFO: ***** STARTING PROCESSING *****
[2018-11-09 14:13:22] INFO: ***** Loading data ******
[2018-11-09 14:13:22] INFO: Loading 'single_cell_software.csv'...
[2018-11-09 14:13:23] WARN: Skipping downloading of package lists, they may be out of date!
[2018-11-09 14:13:23] INFO: Getting category descriptions...
[2018-11-09 14:13:23] INFO: Getting cached titles...
[2018-11-09 14:13:23] INFO: Adding new titles to cache...
[2018-11-09 14:13:35] INFO: Added 0 new titles to cache
[2018-11-09 14:13:35] INFO: Checking repositories...
[2018-11-09 14:16:59] INFO: ***** STARTING PROCESSING *****
[2018-11-09 14:16:59] INFO: ***** Loading data ******
[2018-11-09 14:16:59] INFO: Loading 'single_cell_software.csv'...
[2018-11-09 14:16:59] WARN: Skipping downloading of package lists, they may be out of date!
[2018-11-09 14:16:59] INFO: Getting category descriptions...
[2018-11-09 14:16:59] INFO: Getting cached titles...
[2018-11-09 14:16:59] INFO: Adding new titles to cache...
[2018-11-09 14:17:11] INFO: Added 0 new titles to cache
[2018-11-09 14:17:11] INFO: Checking repositories...
[2018-11-09 14:17:11] INFO: Added 0 new repositories
[2018-11-09 14:17:11] INFO: Ignored 0 repostories
[2018-11-09 14:17:11] INFO: ***** Processing table ******
[2018-11-09 14:17:11] INFO: Adding references...
[2018-11-09 14:17:11] WARN: Skipping downloading of citations from Crossref!
[2018-11-09 14:17:45] INFO: ***** STARTING PROCESSING *****
[2018-11-09 14:17:45] INFO: ***** Loading data ******
[2018-11-09 14:17:45] INFO: Loading 'single_cell_software.csv'...
[2018-11-09 14:17:45] INFO: Getting package repositories...
[2018-11-09 14:17:45] INFO: Getting Bioconductor package list...
[2018-11-09 14:17:47] INFO: Getting CRAN package list...
[2018-11-09 14:17:56] INFO: Getting PyPI package list...
[2018-11-09 14:18:00] INFO: Getting Anaconda package list...
[2018-11-09 14:19:10] INFO: Getting category descriptions...
[2018-11-09 14:19:10] INFO: Getting cached titles...
[2018-11-09 14:19:10] INFO: Adding new titles to cache...
[2018-11-09 14:19:22] INFO: Added 0 new titles to cache
[2018-11-09 14:19:22] INFO: Checking repositories...
[2018-11-09 14:30:06] INFO: Added 15 new repositories
[2018-11-09 14:30:06] INFO: Ignored 13 repostories
[2018-11-09 14:30:06] INFO: ***** Processing table ******
[2018-11-09 14:30:06] INFO: Adding references...
[2018-11-09 14:30:06] WARN: Skipping downloading of citations from Crossref!
[2018-11-09 14:35:00] INFO: ***** STARTING PROCESSING *****
[2018-11-09 14:35:02] INFO: ***** Loading data ******
[2018-11-09 14:35:02] INFO: Loading 'single_cell_software.csv'...
[2018-11-09 14:35:02] WARN: Skipping downloading of package lists, they may be out of date!
[2018-11-09 14:35:02] INFO: Getting category descriptions...
[2018-11-09 14:35:03] INFO: Getting cached titles...
[2018-11-09 14:35:03] INFO: Adding new titles to cache...
[2018-11-09 14:35:31] INFO: ***** STARTING PROCESSING *****
[2018-11-09 14:35:31] INFO: ***** Loading data ******
[2018-11-09 14:35:31] INFO: Loading 'single_cell_software.csv'...
[2018-11-09 14:35:31] WARN: Skipping downloading of package lists, they may be out of date!
[2018-11-09 14:35:31] INFO: Getting category descriptions...
[2018-11-09 14:35:31] INFO: Getting cached titles...
[2018-11-09 14:35:31] INFO: Cache file missing, creating...
[2018-11-09 14:35:31] INFO: Adding new titles to cache...
[2018-11-09 14:36:59] INFO: Added 49 new titles to cache
[2018-11-09 14:36:59] INFO: Checking repositories...
[2018-11-09 14:36:59] INFO: Added 0 new repositories
[2018-11-09 14:36:59] INFO: Ignored 0 repostories
[2018-11-09 14:36:59] INFO: ***** Processing table ******
[2018-11-09 14:36:59] INFO: Adding references...
[2018-11-09 14:36:59] WARN: Skipping downloading of citations from Crossref!
[2018-11-09 14:38:13] INFO: ***** STARTING PROCESSING *****
[2018-11-09 14:38:13] INFO: ***** Loading data ******
[2018-11-09 14:38:13] INFO: Loading 'single_cell_software.csv'...
[2018-11-09 14:38:14] WARN: Skipping downloading of package lists, they may be out of date!
[2018-11-09 14:38:14] INFO: Getting category descriptions...
[2018-11-09 14:38:14] INFO: Getting cached titles...
[2018-11-09 14:38:14] INFO: Adding new titles to cache...
[2018-11-09 14:48:08] INFO: ***** STARTING PROCESSING *****
[2018-11-09 14:48:08] INFO: ***** Loading data ******
[2018-11-09 14:48:08] INFO: Loading 'single_cell_software.csv'...
[2018-11-09 14:48:08] WARN: Skipping downloading of package lists, they may be out of date!
[2018-11-09 14:48:08] INFO: Getting category descriptions...
[2018-11-09 14:48:08] INFO: Getting cached titles...
[2018-11-09 14:48:09] INFO: Adding new titles to cache...
[2018-11-09 14:48:21] INFO: Added 0 new titles to cache
[2018-11-09 14:48:21] INFO: Checking repositories...
[2018-11-09 14:48:21] INFO: Added 0 new repositories
[2018-11-09 14:48:21] INFO: Ignored 0 repostories
[2018-11-09 14:48:21] INFO: ***** Processing table ******
[2018-11-09 14:48:21] INFO: Adding references...
[2018-11-09 14:48:21] WARN: Skipping downloading of citations from Crossref!
[2018-11-09 14:54:09] INFO: ***** STARTING PROCESSING *****
[2018-11-09 14:54:09] INFO: ***** Loading data ******
[2018-11-09 14:54:09] INFO: Loading 'single_cell_software.csv'...
[2018-11-09 14:54:09] INFO: Getting package repositories...
[2018-11-09 14:54:09] INFO: Getting Bioconductor package list...
[2018-11-09 14:54:11] INFO: Getting CRAN package list...
[2018-11-09 14:54:16] INFO: Getting PyPI package list...
[2018-11-09 14:54:21] INFO: ***** STARTING PROCESSING *****
[2018-11-09 14:54:21] INFO: ***** Loading data ******
[2018-11-09 14:54:21] INFO: Loading 'single_cell_software.csv'...
[2018-11-09 14:54:21] WARN: Skipping downloading of package lists, they may be out of date!
[2018-11-09 14:54:21] INFO: Getting category descriptions...
[2018-11-09 14:54:21] INFO: Getting cached titles...
[2018-11-09 14:54:21] INFO: Adding new titles to cache...
[2018-11-09 14:54:35] INFO: Added 0 new titles to cache
[2018-11-09 14:54:35] INFO: Checking repositories...
[2018-11-09 14:54:35] INFO: Added 0 new repositories
[2018-11-09 14:54:35] INFO: Ignored 0 repostories
[2018-11-09 14:54:35] INFO: ***** Processing table ******
[2018-11-09 14:54:35] INFO: Adding references...
[2018-11-09 14:54:35] WARN: Skipping downloading of citations from Crossref!
[2018-11-09 14:54:58] INFO: ***** STARTING PROCESSING *****
[2018-11-09 14:54:58] INFO: ***** Loading data ******
[2018-11-09 14:54:58] INFO: Loading 'single_cell_software.csv'...
[2018-11-09 14:54:58] WARN: Skipping downloading of package lists, they may be out of date!
[2018-11-09 14:54:58] INFO: Getting category descriptions...
[2018-11-09 14:54:59] INFO: Getting cached titles...
[2018-11-09 14:54:59] INFO: Adding new titles to cache...
[2018-11-09 14:55:10] INFO: Added 0 new titles to cache
[2018-11-09 14:55:11] INFO: Checking repositories...
[2018-11-09 14:55:11] INFO: Added 0 new repositories
[2018-11-09 14:55:11] INFO: Ignored 0 repostories
[2018-11-09 14:55:11] INFO: ***** Processing table ******
[2018-11-09 14:55:11] INFO: Adding references...
[2018-11-09 14:55:11] WARN: Skipping downloading of citations from Crossref!
[2018-11-09 14:55:54] INFO: ***** STARTING PROCESSING *****
[2018-11-09 14:55:54] INFO: ***** Loading data ******
[2018-11-09 14:55:54] INFO: Loading 'single_cell_software.csv'...
[2018-11-09 14:55:54] WARN: Skipping downloading of package lists, they may be out of date!
[2018-11-09 14:55:54] INFO: Getting category descriptions...
[2018-11-09 14:55:54] INFO: Getting cached titles...
[2018-11-09 14:55:55] INFO: Adding new titles to cache...
[2018-11-09 14:56:05] INFO: Added 0 new titles to cache
[2018-11-09 14:56:05] INFO: Checking repositories...
[2018-11-09 14:56:05] INFO: Added 0 new repositories
[2018-11-09 14:56:05] INFO: Ignored 0 repostories
[2018-11-09 14:56:05] INFO: ***** Processing table ******
[2018-11-09 14:56:05] INFO: Adding references...
[2018-11-09 14:56:05] WARN: Skipping downloading of citations from Crossref!
[2018-11-09 14:56:06] INFO: Adding Github...
[2018-11-09 14:56:07] INFO: Adding package repositories...
[2018-11-09 14:56:07] INFO: Tidying data...
[2018-11-09 14:56:24] INFO: ***** STARTING PROCESSING *****
[2018-11-09 14:56:25] INFO: ***** Loading data ******
[2018-11-09 14:56:25] INFO: Loading 'single_cell_software.csv'...
[2018-11-09 14:56:25] WARN: Skipping downloading of package lists, they may be out of date!
[2018-11-09 14:56:25] INFO: Getting category descriptions...
[2018-11-09 14:56:25] INFO: Getting cached titles...
[2018-11-09 14:56:25] INFO: Adding new titles to cache...
[2018-11-09 14:56:36] INFO: Added 0 new titles to cache
[2018-11-09 14:56:36] INFO: Checking repositories...
[2018-11-09 14:56:36] INFO: Added 0 new repositories
[2018-11-09 14:56:36] INFO: Ignored 0 repostories
[2018-11-09 14:56:37] INFO: ***** Processing table ******
[2018-11-09 14:56:37] INFO: Adding references...
[2018-11-09 14:57:00] INFO: ***** STARTING PROCESSING *****
[2018-11-09 14:57:00] INFO: ***** Loading data ******
[2018-11-09 14:57:00] INFO: Loading 'single_cell_software.csv'...
[2018-11-09 14:57:00] WARN: Skipping downloading of package lists, they may be out of date!
[2018-11-09 14:57:00] INFO: Getting category descriptions...
[2018-11-09 14:57:00] INFO: Getting cached titles...
[2018-11-09 14:57:00] INFO: Adding new titles to cache...
[2018-11-09 14:57:13] INFO: Added 0 new titles to cache
[2018-11-09 14:57:13] INFO: Checking repositories...
[2018-11-09 14:57:13] INFO: Added 0 new repositories
[2018-11-09 14:57:13] INFO: Ignored 0 repostories
[2018-11-09 14:57:13] INFO: ***** Processing table ******
[2018-11-09 14:57:13] INFO: Adding references...
[2018-11-09 14:57:38] INFO: ***** STARTING PROCESSING *****
[2018-11-09 14:57:38] INFO: ***** Loading data ******
[2018-11-09 14:57:38] INFO: Loading 'single_cell_software.csv'...
[2018-11-09 14:57:38] WARN: Skipping downloading of package lists, they may be out of date!
[2018-11-09 14:57:38] INFO: Getting category descriptions...
[2018-11-09 14:57:38] INFO: Getting cached titles...
[2018-11-09 14:57:38] INFO: Adding new titles to cache...
[2018-11-09 14:57:50] INFO: Added 0 new titles to cache
[2018-11-09 14:57:50] INFO: Checking repositories...
[2018-11-09 14:57:50] INFO: Added 0 new repositories
[2018-11-09 14:57:50] INFO: Ignored 0 repostories
[2018-11-09 14:57:50] INFO: ***** Processing table ******
[2018-11-09 14:57:50] INFO: Adding references...
[2018-11-09 14:59:05] INFO: Adding Github...
[2018-11-09 14:59:05] INFO: Adding package repositories...
[2018-11-09 14:59:05] INFO: Tidying data...
[2018-11-09 15:00:22] INFO: Loading 'single_cell_software.csv'...
[2018-11-09 15:00:22] INFO: Getting category descriptions...
[2018-11-09 15:00:22] INFO: Getting cached titles...
[2018-11-09 15:00:22] INFO: Adding new titles to cache...
[2018-11-09 15:00:23] INFO: Added 0 new titles to cache
[2018-11-09 15:00:23] INFO: Checking repositories...
[2018-11-09 15:00:23] INFO: Added 0 new repositories
[2018-11-09 15:00:23] INFO: Ignored 0 repostories
[2018-11-09 15:00:23] INFO: ***** Processing table ******
[2018-11-09 15:00:23] INFO: Adding references...
[2018-11-09 15:00:36] INFO: Loading 'single_cell_software.csv'...
[2018-11-09 15:00:36] WARN: Skipping downloading of package lists, they may be out of date!
[2018-11-09 15:00:36] INFO: Getting category descriptions...
[2018-11-09 15:00:36] INFO: Getting cached titles...
[2018-11-09 15:00:36] INFO: Adding new titles to cache...
[2018-11-09 15:00:36] INFO: Added 0 new titles to cache
[2018-11-09 15:00:36] INFO: Checking repositories...
[2018-11-09 15:00:36] INFO: Added 0 new repositories
[2018-11-09 15:00:36] INFO: Ignored 0 repostories
[2018-11-09 15:00:36] INFO: ***** Processing table ******
[2018-11-09 15:00:36] INFO: Adding references...
[2018-11-09 15:01:33] INFO: Loading 'single_cell_software.csv'...
[2018-11-09 15:01:33] WARN: Skipping downloading of package lists, they may be out of date!
[2018-11-09 15:01:33] INFO: Getting category descriptions...
[2018-11-09 15:01:33] INFO: Getting cached titles...
[2018-11-09 15:01:33] INFO: Adding new titles to cache...
[2018-11-09 15:01:47] INFO: Added 0 new titles to cache
[2018-11-09 15:01:47] INFO: Checking repositories...
[2018-11-09 15:01:47] INFO: Added 0 new repositories
[2018-11-09 15:01:47] INFO: Ignored 0 repostories
[2018-11-09 15:01:47] INFO: ***** Processing table ******
[2018-11-09 15:01:47] INFO: Adding references...
[2018-11-09 15:01:57] INFO: Loading 'single_cell_software.csv'...
[2018-11-09 15:01:57] WARN: Skipping downloading of package lists, they may be out of date!
[2018-11-09 15:01:57] INFO: Getting category descriptions...
[2018-11-09 15:01:57] INFO: Getting cached titles...
[2018-11-09 15:01:57] INFO: Adding new titles to cache...
[2018-11-09 15:02:08] INFO: Added 0 new titles to cache
[2018-11-09 15:02:08] INFO: Checking repositories...
[2018-11-09 15:02:08] INFO: Added 0 new repositories
[2018-11-09 15:02:08] INFO: Ignored 0 repostories
[2018-11-09 15:02:08] INFO: ***** Processing table ******
[2018-11-09 15:02:08] INFO: Adding references...
[2018-11-09 15:02:08] WARN: Skipping downloading of citations from Crossref!
[2018-11-09 15:02:14] INFO: Loading 'single_cell_software.csv'...
[2018-11-09 15:02:14] WARN: Skipping downloading of package lists, they may be out of date!
[2018-11-09 15:02:14] INFO: Getting category descriptions...
[2018-11-09 15:02:14] INFO: Getting cached titles...
[2018-11-09 15:02:14] INFO: Adding new titles to cache...
[2018-11-09 15:02:28] INFO: Added 0 new titles to cache
[2018-11-09 15:02:28] INFO: Checking repositories...
[2018-11-09 15:02:28] INFO: Added 0 new repositories
[2018-11-09 15:02:28] INFO: Ignored 0 repostories
[2018-11-09 15:02:28] INFO: ***** Processing table ******
[2018-11-09 15:02:28] INFO: Adding references...
[2018-11-09 15:02:28] WARN: Skipping downloading of citations from Crossref!
[2018-11-09 15:02:29] INFO: Adding Github...
[2018-11-09 15:02:29] INFO: Adding package repositories...
[2018-11-09 15:07:26] INFO: Loading 'single_cell_software.csv'...
[2018-11-09 15:07:26] WARN: Skipping downloading of package lists, they may be out of date!
[2018-11-09 15:07:26] INFO: Getting category descriptions...
[2018-11-09 15:07:26] INFO: Getting cached titles...
[2018-11-09 15:07:26] INFO: Adding new titles to cache...
[2018-11-09 15:07:40] INFO: Added 0 new titles to cache
[2018-11-09 15:07:40] INFO: Checking repositories...
[2018-11-09 15:07:40] INFO: Added 0 new repositories
[2018-11-09 15:07:40] INFO: Ignored 0 repostories
[2018-11-09 15:07:40] INFO: ***** Processing table ******
[2018-11-09 15:07:40] INFO: Adding references...
[2018-11-09 15:07:40] WARN: Skipping downloading of citations from Crossref!
[2018-11-09 15:07:40] INFO: Adding Github...
[2018-11-09 15:07:40] INFO: Adding package repositories...
[2018-11-09 15:08:43] WARN: Skipping downloading of citations from Crossref!
[2018-11-09 15:18:51] INFO: ***** STARTING PROCESSING *****
[2018-11-09 15:18:51] INFO: ***** Loading data ******
[2018-11-09 15:18:51] INFO: Loading 'single_cell_software.csv'...
[2018-11-09 15:18:51] WARN: Skipping downloading of package lists, they may be out of date!
[2018-11-09 15:18:51] INFO: Getting category descriptions...
[2018-11-09 15:18:51] INFO: Getting cached titles...
[2018-11-09 15:18:52] INFO: Adding new titles to cache...
[2018-11-09 15:19:04] INFO: Added 0 new titles to cache
[2018-11-09 15:19:04] INFO: Checking repositories...
[2018-11-09 15:19:04] INFO: Added 0 new repositories
[2018-11-09 15:19:04] INFO: Ignored 0 repostories
[2018-11-09 15:19:04] INFO: ***** Processing table ******
[2018-11-09 15:19:04] INFO: Adding references...
[2018-11-09 15:19:14] INFO: ***** STARTING PROCESSING *****
[2018-11-09 15:19:14] INFO: ***** Loading data ******
[2018-11-09 15:19:14] INFO: Loading 'single_cell_software.csv'...
[2018-11-09 15:19:14] WARN: Skipping downloading of package lists, they may be out of date!
[2018-11-09 15:19:14] INFO: Getting category descriptions...
[2018-11-09 15:19:14] INFO: Getting cached titles...
[2018-11-09 15:19:15] INFO: Adding new titles to cache...
[2018-11-09 15:19:28] INFO: Added 0 new titles to cache
[2018-11-09 15:19:28] INFO: Checking repositories...
[2018-11-09 15:19:28] INFO: Added 0 new repositories
[2018-11-09 15:19:28] INFO: Ignored 0 repostories
[2018-11-09 15:19:28] INFO: ***** Processing table ******
[2018-11-09 15:19:28] INFO: Adding references...
[2018-11-09 15:19:28] WARN: Skipping downloading of citations from Crossref!
[2018-11-09 15:19:28] INFO: Adding Github...
[2018-11-09 15:19:28] INFO: Adding package repositories...
[2018-11-09 15:19:29] INFO: Tidying data...
[2018-11-09 15:20:30] INFO: ***** STARTING PROCESSING *****
[2018-11-09 15:20:30] INFO: ***** Loading data ******
[2018-11-09 15:20:30] INFO: Loading 'single_cell_software.csv'...
[2018-11-09 15:20:30] WARN: Skipping downloading of package lists, they may be out of date!
[2018-11-09 15:20:30] INFO: Getting category descriptions...
[2018-11-09 15:20:30] INFO: Getting cached titles...
[2018-11-09 15:20:30] INFO: Adding new titles to cache...
[2018-11-09 15:20:43] INFO: Added 0 new titles to cache
[2018-11-09 15:20:43] INFO: Checking repositories...
[2018-11-09 15:20:43] INFO: Added 0 new repositories
[2018-11-09 15:20:43] INFO: Ignored 0 repostories
[2018-11-09 15:20:44] INFO: ***** Processing table ******
[2018-11-09 15:20:44] INFO: Adding references...
[2018-11-09 15:20:44] WARN: Skipping downloading of citations from Crossref!
[2018-11-09 15:20:44] INFO: Adding Github...
[2018-11-09 15:20:44] INFO: Adding package repositories...
[2018-11-09 15:20:44] INFO: Tidying data...
[2018-11-09 15:20:44] INFO: Adding categories to table...
[2018-11-09 15:20:44] INFO: ***** Downloading shields ******
[2018-11-09 15:20:44] WARN: Downloading of shields has been skipped, they may be out of date!
[2018-11-09 15:20:44] INFO: ***** Converting to JSON *****
[2018-11-09 15:20:45] INFO: Converting table...
[2018-11-09 15:20:45] INFO: Converting tools table...
[2018-11-09 15:20:45] INFO: Writing 'tools-table.json'...
[2018-11-09 15:20:45] INFO: Converting tools...
[2018-11-09 15:20:45] INFO: Writing 'tools.json'...
[2018-11-09 15:20:45] INFO: Converting categories...
[2018-11-09 15:21:04] INFO: ***** STARTING PROCESSING *****
[2018-11-09 15:21:04] INFO: ***** Loading data ******
[2018-11-09 15:21:04] INFO: Loading 'single_cell_software.csv'...
[2018-11-09 15:21:05] WARN: Skipping downloading of package lists, they may be out of date!
[2018-11-09 15:21:05] INFO: Getting category descriptions...
[2018-11-09 15:21:05] INFO: Getting cached titles...
[2018-11-09 15:21:05] INFO: Adding new titles to cache...
[2018-11-09 15:21:19] INFO: Added 0 new titles to cache
[2018-11-09 15:21:19] INFO: Checking repositories...
[2018-11-09 15:21:19] INFO: Added 0 new repositories
[2018-11-09 15:21:19] INFO: Ignored 0 repostories
[2018-11-09 15:21:19] INFO: ***** Processing table ******
[2018-11-09 15:21:19] INFO: Adding references...
[2018-11-09 15:21:19] WARN: Skipping downloading of citations from Crossref!
[2018-11-09 15:21:20] INFO: Adding Github...
[2018-11-09 15:21:20] INFO: Adding package repositories...
[2018-11-09 15:21:20] INFO: Tidying data...
[2018-11-09 15:21:20] INFO: Adding categories to table...
[2018-11-09 15:21:20] INFO: ***** Downloading shields ******
[2018-11-09 15:21:20] INFO: Getting shields...
[2018-11-09 15:21:20] INFO: Downloading Bioconductor shields...
[2018-11-09 15:21:20] INFO: Downloading CRAN shields...
[2018-11-09 15:21:20] INFO: Downloading PyPI shields...
[2018-11-09 15:22:38] INFO: Downloading GitHub shields...
[2018-11-09 15:23:50] INFO: ***** STARTING PROCESSING *****
[2018-11-09 15:23:50] INFO: ***** Loading data ******
[2018-11-09 15:23:50] INFO: Loading 'single_cell_software.csv'...
[2018-11-09 15:23:50] WARN: Skipping downloading of package lists, they may be out of date!
[2018-11-09 15:23:50] INFO: Getting category descriptions...
[2018-11-09 15:23:50] INFO: Getting cached titles...
[2018-11-09 15:23:50] INFO: Adding new titles to cache...
[2018-11-09 15:24:04] INFO: Added 0 new titles to cache
[2018-11-09 15:24:04] INFO: Checking repositories...
[2018-11-09 15:24:04] INFO: Added 0 new repositories
[2018-11-09 15:24:04] INFO: Ignored 0 repostories
[2018-11-09 15:24:04] INFO: ***** Processing table ******
[2018-11-09 15:24:04] INFO: Adding references...
[2018-11-09 15:24:04] WARN: Skipping downloading of citations from Crossref!
[2018-11-09 15:24:05] INFO: Adding Github...
[2018-11-09 15:24:05] INFO: Adding package repositories...
[2018-11-09 15:24:05] INFO: Tidying data...
[2018-11-09 15:24:05] INFO: Adding categories to table...
[2018-11-09 15:24:05] INFO: ***** Downloading shields ******
[2018-11-09 15:24:05] WARN: Downloading of shields has been skipped, they may be out of date!
[2018-11-09 15:24:05] INFO: ***** Converting to JSON *****
[2018-11-09 15:24:05] INFO: Converting table...
[2018-11-09 15:24:05] INFO: Converting tools table...
[2018-11-09 15:24:05] INFO: Writing 'tools-table.json'...
[2018-11-09 15:24:05] INFO: Converting tools...
[2018-11-09 15:24:05] INFO: Writing 'tools.json'...
[2018-11-09 15:24:06] INFO: Converting categories...
[2018-11-09 15:24:48] INFO: ***** STARTING PROCESSING *****
[2018-11-09 15:24:48] INFO: ***** Loading data ******
[2018-11-09 15:24:48] INFO: Loading 'single_cell_software.csv'...
[2018-11-09 15:24:49] WARN: Skipping downloading of package lists, they may be out of date!
[2018-11-09 15:24:49] INFO: Getting category descriptions...
[2018-11-09 15:24:49] INFO: Getting cached titles...
[2018-11-09 15:24:49] INFO: Adding new titles to cache...
[2018-11-09 15:25:01] INFO: Added 0 new titles to cache
[2018-11-09 15:25:01] INFO: Checking repositories...
[2018-11-09 15:25:01] INFO: Added 0 new repositories
[2018-11-09 15:25:01] INFO: Ignored 0 repostories
[2018-11-09 15:25:01] INFO: ***** Processing table ******
[2018-11-09 15:25:01] INFO: Adding references...
[2018-11-09 15:25:01] WARN: Skipping downloading of citations from Crossref!
[2018-11-09 15:25:02] INFO: Adding Github...
[2018-11-09 15:25:02] INFO: Adding package repositories...
[2018-11-09 15:25:02] INFO: Tidying data...
[2018-11-09 15:25:02] INFO: Adding categories to table...
[2018-11-09 15:25:02] INFO: ***** Downloading shields ******
[2018-11-09 15:25:02] WARN: Downloading of shields has been skipped, they may be out of date!
[2018-11-09 15:25:02] INFO: ***** Converting to JSON *****
[2018-11-09 15:25:02] INFO: Converting table...
[2018-11-09 15:25:02] INFO: Converting tools table...
[2018-11-09 15:25:02] INFO: Writing 'tools-table.json'...
[2018-11-09 15:25:02] INFO: Converting tools...
[2018-11-09 15:25:02] INFO: Writing 'tools.json'...
[2018-11-09 15:25:02] INFO: Converting categories...
[2018-11-09 15:25:03] INFO: Writing 'categories.json'...
[2018-11-09 15:25:03] INFO: ***** Performing analysis *****
[2018-11-09 15:25:04] WARN: Skipping analysis, this may be out of date!
[2018-11-09 15:25:04] WARN: Some processing has been skipped, last updated time will not be set!
[2018-11-09 15:25:04] INFO: **** PROCESSING FINISHED *****
[2018-11-09 15:27:14] INFO: ***** STARTING PROCESSING *****
[2018-11-09 15:27:14] INFO: ***** Loading data ******
[2018-11-09 15:27:14] INFO: Loading 'single_cell_software.csv'...
[2018-11-09 15:27:14] WARN: Skipping downloading of package lists, they may be out of date!
[2018-11-09 15:27:14] INFO: Getting category descriptions...
[2018-11-09 15:27:14] INFO: Getting cached titles...
[2018-11-09 15:27:14] INFO: Adding new titles to cache...
[2018-11-09 15:27:27] INFO: Added 0 new titles to cache
[2018-11-09 15:27:27] INFO: Checking repositories...
[2018-11-09 15:27:27] INFO: Added 0 new repositories
[2018-11-09 15:27:27] INFO: Ignored 0 repostories
[2018-11-09 15:27:27] INFO: ***** Processing table ******
[2018-11-09 15:27:27] INFO: Adding references...
[2018-11-09 15:27:27] WARN: Skipping downloading of citations from Crossref!
[2018-11-09 15:27:28] INFO: Adding Github...
[2018-11-09 15:27:28] INFO: Adding package repositories...
[2018-11-09 15:27:28] INFO: Tidying data...
[2018-11-09 15:27:28] INFO: Adding categories to table...
[2018-11-09 15:27:28] INFO: ***** Downloading shields ******
[2018-11-09 15:27:28] WARN: Downloading of shields has been skipped, they may be out of date!
[2018-11-09 15:27:28] INFO: ***** Converting to JSON *****
[2018-11-09 15:27:28] INFO: Converting table...
[2018-11-09 15:27:28] INFO: Converting tools table...
[2018-11-09 15:27:28] INFO: Writing 'tools-table.json'...
[2018-11-09 15:27:29] INFO: Converting tools...
[2018-11-09 15:27:29] INFO: Writing 'tools.json'...
[2018-11-09 15:27:29] INFO: Converting categories...
[2018-11-09 15:27:29] INFO: Writing 'categories.json'...
[2018-11-09 15:27:29] INFO: ***** Performing analysis *****
[2018-11-09 15:27:29] INFO: Plotting tools over time...
[2018-11-09 15:28:46] INFO: ***** STARTING PROCESSING *****
[2018-11-09 15:28:46] INFO: ***** Loading data ******
[2018-11-09 15:28:46] INFO: Loading 'single_cell_software.csv'...
[2018-11-09 15:28:47] WARN: Skipping downloading of package lists, they may be out of date!
[2018-11-09 15:28:47] INFO: Getting category descriptions...
[2018-11-09 15:28:47] INFO: Getting cached titles...
[2018-11-09 15:28:47] INFO: Adding new titles to cache...
[2018-11-09 15:29:00] INFO: Added 0 new titles to cache
[2018-11-09 15:29:00] INFO: Checking repositories...
[2018-11-09 15:29:00] INFO: Added 0 new repositories
[2018-11-09 15:29:00] INFO: Ignored 0 repostories
[2018-11-09 15:29:00] INFO: ***** Processing table ******
[2018-11-09 15:29:00] INFO: Adding references...
[2018-11-09 15:29:00] WARN: Skipping downloading of citations from Crossref!
[2018-11-09 15:29:01] INFO: Adding Github...
[2018-11-09 15:29:01] INFO: Adding package repositories...
[2018-11-09 15:29:01] INFO: Tidying data...
[2018-11-09 15:29:01] INFO: Adding categories to table...
[2018-11-09 15:29:01] INFO: ***** Downloading shields ******
[2018-11-09 15:29:01] WARN: Downloading of shields has been skipped, they may be out of date!
[2018-11-09 15:29:01] INFO: ***** Converting to JSON *****
[2018-11-09 15:29:01] INFO: Converting table...
[2018-11-09 15:29:01] INFO: Converting tools table...
[2018-11-09 15:29:01] INFO: Writing 'tools-table.json'...
[2018-11-09 15:29:01] INFO: Converting tools...
[2018-11-09 15:29:01] INFO: Writing 'tools.json'...
[2018-11-09 15:29:01] INFO: Converting categories...
[2018-11-09 15:29:01] INFO: Writing 'categories.json'...
[2018-11-09 15:29:02] INFO: ***** Performing analysis *****
[2018-11-09 15:29:02] INFO: Plotting tools over time...
[2018-11-09 15:29:52] INFO: ***** STARTING PROCESSING *****
[2018-11-09 15:29:52] INFO: ***** Loading data ******
[2018-11-09 15:29:52] INFO: Loading 'single_cell_software.csv'...
[2018-11-09 15:29:53] WARN: Skipping downloading of package lists, they may be out of date!
[2018-11-09 15:29:53] INFO: Getting category descriptions...
[2018-11-09 15:29:53] INFO: Getting cached titles...
[2018-11-09 15:29:53] INFO: Adding new titles to cache...
[2018-11-09 15:30:04] INFO: Added 0 new titles to cache
[2018-11-09 15:30:04] INFO: Checking repositories...
[2018-11-09 15:30:04] INFO: Added 0 new repositories
[2018-11-09 15:30:04] INFO: Ignored 0 repostories
[2018-11-09 15:30:04] INFO: ***** Processing table ******
[2018-11-09 15:30:04] INFO: Adding references...
[2018-11-09 15:30:04] WARN: Skipping downloading of citations from Crossref!
[2018-11-09 15:30:05] INFO: Adding Github...
[2018-11-09 15:30:05] INFO: Adding package repositories...
[2018-11-09 15:30:05] INFO: Tidying data...
[2018-11-09 15:30:05] INFO: Adding categories to table...
[2018-11-09 15:30:05] INFO: ***** Downloading shields ******
[2018-11-09 15:30:05] WARN: Downloading of shields has been skipped, they may be out of date!
[2018-11-09 15:30:05] INFO: ***** Converting to JSON *****
[2018-11-09 15:30:05] INFO: Converting table...
[2018-11-09 15:30:06] INFO: Converting tools table...
[2018-11-09 15:30:06] INFO: Writing 'tools-table.json'...
[2018-11-09 15:30:06] INFO: Converting tools...
[2018-11-09 15:30:06] INFO: Writing 'tools.json'...
[2018-11-09 15:30:06] INFO: Converting categories...
[2018-11-09 15:30:06] INFO: Writing 'categories.json'...
[2018-11-09 15:30:06] INFO: ***** Performing analysis *****
[2018-11-09 15:30:06] INFO: Plotting publication status...
[2018-11-09 15:30:27] INFO: ***** STARTING PROCESSING *****
[2018-11-09 15:30:27] INFO: ***** Loading data ******
[2018-11-09 15:30:27] INFO: Loading 'single_cell_software.csv'...
[2018-11-09 15:30:27] WARN: Skipping downloading of package lists, they may be out of date!
[2018-11-09 15:30:27] INFO: Getting category descriptions...
[2018-11-09 15:30:27] INFO: Getting cached titles...
[2018-11-09 15:30:27] INFO: Adding new titles to cache...
[2018-11-09 15:30:40] INFO: Added 0 new titles to cache
[2018-11-09 15:30:40] INFO: Checking repositories...
[2018-11-09 15:30:40] INFO: Added 0 new repositories
[2018-11-09 15:30:40] INFO: Ignored 0 repostories
[2018-11-09 15:30:40] INFO: ***** Processing table ******
[2018-11-09 15:30:40] INFO: Adding references...
[2018-11-09 15:30:40] WARN: Skipping downloading of citations from Crossref!
[2018-11-09 15:30:41] INFO: Adding Github...
[2018-11-09 15:30:41] INFO: Adding package repositories...
[2018-11-09 15:30:41] INFO: Tidying data...
[2018-11-09 15:30:41] INFO: Adding categories to table...
[2018-11-09 15:30:41] INFO: ***** Downloading shields ******
[2018-11-09 15:30:41] WARN: Downloading of shields has been skipped, they may be out of date!
[2018-11-09 15:30:41] INFO: ***** Converting to JSON *****
[2018-11-09 15:30:41] INFO: Converting table...
[2018-11-09 15:30:41] INFO: Converting tools table...
[2018-11-09 15:30:43] INFO: Writing 'tools-table.json'...
[2018-11-09 15:30:43] INFO: Converting tools...
[2018-11-09 15:30:43] INFO: Writing 'tools.json'...
[2018-11-09 15:30:43] INFO: Converting categories...
[2018-11-09 15:30:43] INFO: Writing 'categories.json'...
[2018-11-09 15:30:43] INFO: ***** Performing analysis *****
[2018-11-09 15:30:43] INFO: Plotting publication status...
[2018-11-09 15:31:10] INFO: ***** STARTING PROCESSING *****
[2018-11-09 15:31:10] INFO: ***** Loading data ******
[2018-11-09 15:31:10] INFO: Loading 'single_cell_software.csv'...
[2018-11-09 15:31:10] WARN: Skipping downloading of package lists, they may be out of date!
[2018-11-09 15:31:10] INFO: Getting category descriptions...
[2018-11-09 15:31:10] INFO: Getting cached titles...
[2018-11-09 15:31:11] INFO: Adding new titles to cache...
[2018-11-09 15:31:21] INFO: Added 0 new titles to cache
[2018-11-09 15:31:21] INFO: Checking repositories...
[2018-11-09 15:31:21] INFO: Added 0 new repositories
[2018-11-09 15:31:21] INFO: Ignored 0 repostories
[2018-11-09 15:31:21] INFO: ***** Processing table ******
[2018-11-09 15:31:21] INFO: Adding references...
[2018-11-09 15:31:21] WARN: Skipping downloading of citations from Crossref!
[2018-11-09 15:31:22] INFO: Adding Github...
[2018-11-09 15:31:22] INFO: Adding package repositories...
[2018-11-09 15:31:22] INFO: Tidying data...
[2018-11-09 15:31:22] INFO: Adding categories to table...
[2018-11-09 15:31:22] INFO: ***** Downloading shields ******
[2018-11-09 15:31:22] WARN: Downloading of shields has been skipped, they may be out of date!
[2018-11-09 15:31:22] INFO: ***** Converting to JSON *****
[2018-11-09 15:31:22] INFO: Converting table...
[2018-11-09 15:31:22] INFO: Converting tools table...
[2018-11-09 15:31:22] INFO: Writing 'tools-table.json'...
[2018-11-09 15:31:23] INFO: Converting tools...
[2018-11-09 15:31:23] INFO: Writing 'tools.json'...
[2018-11-09 15:31:24] INFO: Converting categories...
[2018-11-09 15:31:24] INFO: Writing 'categories.json'...
[2018-11-09 15:31:24] INFO: ***** Performing analysis *****
[2018-11-09 15:31:24] INFO: Plotting publication status...
[2018-11-09 15:31:33] INFO: Plotting licenses...
[2018-11-09 15:31:38] INFO: Plotting platforms...
[2018-11-09 15:31:43] INFO: Plotting categories...
[2018-11-09 15:33:04] INFO: ***** STARTING PROCESSING *****
[2018-11-09 15:33:04] INFO: ***** Loading data ******
[2018-11-09 15:33:04] INFO: Loading 'single_cell_software.csv'...
[2018-11-09 15:33:04] WARN: Skipping downloading of package lists, they may be out of date!
[2018-11-09 15:33:04] INFO: Getting category descriptions...
[2018-11-09 15:33:04] INFO: Getting cached titles...
[2018-11-09 15:33:04] INFO: Adding new titles to cache...
[2018-11-09 15:33:17] INFO: Added 0 new titles to cache
[2018-11-09 15:33:17] INFO: Checking repositories...
[2018-11-09 15:33:17] INFO: Added 0 new repositories
[2018-11-09 15:33:17] INFO: Ignored 0 repostories
[2018-11-09 15:33:17] INFO: ***** Processing table ******
[2018-11-09 15:33:17] INFO: Adding references...
[2018-11-09 15:33:17] WARN: Skipping downloading of citations from Crossref!
[2018-11-09 15:33:18] INFO: Adding Github...
[2018-11-09 15:33:18] INFO: Adding package repositories...
[2018-11-09 15:33:18] INFO: Tidying data...
[2018-11-09 15:33:18] INFO: Adding categories to table...
[2018-11-09 15:33:18] INFO: ***** Downloading shields ******
[2018-11-09 15:33:18] WARN: Downloading of shields has been skipped, they may be out of date!
[2018-11-09 15:33:18] INFO: ***** Converting to JSON *****
[2018-11-09 15:33:18] INFO: Converting table...
[2018-11-09 15:33:18] INFO: Converting tools table...
[2018-11-09 15:33:18] INFO: Writing 'tools-table.json'...
[2018-11-09 15:33:19] INFO: Converting tools...
[2018-11-09 15:33:19] INFO: Writing 'tools.json'...
[2018-11-09 15:33:19] INFO: Converting categories...
[2018-11-09 15:33:19] INFO: Writing 'categories.json'...
[2018-11-09 15:33:19] INFO: ***** Performing analysis *****
[2018-11-09 15:33:19] INFO: Plotting publication status...
[2018-11-09 15:33:23] INFO: Plotting licenses...
[2018-11-09 15:33:30] INFO: Plotting platforms...
[2018-11-09 15:33:35] INFO: Plotting categories...
[2018-11-09 15:34:05] INFO: ***** STARTING PROCESSING *****
[2018-11-09 15:34:05] INFO: ***** Loading data ******
[2018-11-09 15:34:05] INFO: Loading 'single_cell_software.csv'...
[2018-11-09 15:34:06] WARN: Skipping downloading of package lists, they may be out of date!
[2018-11-09 15:34:06] INFO: Getting category descriptions...
[2018-11-09 15:34:06] INFO: Getting cached titles...
[2018-11-09 15:34:06] INFO: Adding new titles to cache...
[2018-11-09 15:34:19] INFO: Added 0 new titles to cache
[2018-11-09 15:34:19] INFO: Checking repositories...
[2018-11-09 15:34:19] INFO: Added 0 new repositories
[2018-11-09 15:34:19] INFO: Ignored 0 repostories
[2018-11-09 15:34:19] INFO: ***** Processing table ******
[2018-11-09 15:34:19] INFO: Adding references...
[2018-11-09 15:34:19] WARN: Skipping downloading of citations from Crossref!
[2018-11-09 15:34:20] INFO: Adding Github...
[2018-11-09 15:34:20] INFO: Adding package repositories...
[2018-11-09 15:34:20] INFO: Tidying data...
[2018-11-09 15:34:20] INFO: Adding categories to table...
[2018-11-09 15:34:20] INFO: ***** Downloading shields ******
[2018-11-09 15:34:20] WARN: Downloading of shields has been skipped, they may be out of date!
[2018-11-09 15:34:20] INFO: ***** Converting to JSON *****
[2018-11-09 15:34:20] INFO: Converting table...
[2018-11-09 15:34:20] INFO: Converting tools table...
[2018-11-09 15:34:20] INFO: Writing 'tools-table.json'...
[2018-11-09 15:34:20] INFO: Converting tools...
[2018-11-09 15:34:20] INFO: Writing 'tools.json'...
[2018-11-09 15:34:20] INFO: Converting categories...
[2018-11-09 15:34:21] INFO: Writing 'categories.json'...
[2018-11-09 15:34:21] INFO: ***** Performing analysis *****
[2018-11-09 15:34:21] INFO: Plotting publication status...
[2018-11-09 15:34:26] INFO: Plotting licenses...
[2018-11-09 15:34:33] INFO: Plotting platforms...
[2018-11-09 15:34:37] INFO: Plotting categories...
[2018-11-09 15:34:43] WARN: Some processing has been skipped, last updated time will not be set!
[2018-11-09 15:34:43] INFO: **** PROCESSING FINISHED *****
[2018-11-09 15:36:49] INFO: ***** STARTING PROCESSING *****
[2018-11-09 15:36:49] INFO: ***** Loading data ******
[2018-11-09 15:36:49] INFO: Loading 'single_cell_software.csv'...
[2018-11-09 15:36:49] WARN: Skipping downloading of package lists, they may be out of date!
[2018-11-09 15:36:49] INFO: Getting category descriptions...
[2018-11-09 15:36:49] INFO: Getting cached titles...
[2018-11-09 15:36:49] INFO: Adding new titles to cache...
[2018-11-09 15:37:02] INFO: Added 0 new titles to cache
[2018-11-09 15:37:02] INFO: Checking repositories...
[2018-11-09 15:37:02] INFO: Added 0 new repositories
[2018-11-09 15:37:02] INFO: Ignored 0 repostories
[2018-11-09 15:37:02] INFO: ***** Processing table ******
[2018-11-09 15:37:02] INFO: Adding references...
[2018-11-09 15:37:02] WARN: Skipping downloading of citations from Crossref!
[2018-11-09 15:37:03] INFO: Adding Github...
[2018-11-09 15:37:03] INFO: Adding package repositories...
[2018-11-09 15:37:03] INFO: Tidying data...
[2018-11-09 15:37:03] INFO: Adding categories to table...
[2018-11-09 15:37:03] INFO: ***** Downloading shields ******
[2018-11-09 15:37:03] WARN: Downloading of shields has been skipped, they may be out of date!
[2018-11-09 15:37:03] INFO: ***** Converting to JSON *****
[2018-11-09 15:37:03] INFO: Converting table...
[2018-11-09 15:37:03] INFO: Converting tools table...
[2018-11-09 15:37:03] INFO: Writing 'tools-table.json'...
[2018-11-09 15:37:03] INFO: Converting tools...
[2018-11-09 15:37:03] INFO: Writing 'tools.json'...
[2018-11-09 15:37:03] INFO: Converting categories...
[2018-11-09 15:37:03] INFO: Writing 'categories.json'...
[2018-11-09 15:37:03] INFO: ***** Performing analysis *****
[2018-11-09 15:37:03] WARN: Skipping analysis, this may be out of date!
[2018-11-09 15:37:03] WARN: Some processing has been skipped, last updated time will not be set!
[2018-11-09 15:37:03] INFO: **** PROCESSING FINISHED *****
[2018-11-12 12:13:03] INFO: ***** STARTING PROCESSING *****
[2018-11-12 12:13:03] INFO: ***** Loading data ******
[2018-11-12 12:13:03] INFO: Loading LRS database...
[2018-11-12 12:13:04] WARN: Skipping downloading of package lists, they may be out of date!
[2018-11-12 12:13:04] INFO: Getting category descriptions...
[2018-11-12 12:13:04] INFO: Getting cached titles...
[2018-11-12 12:13:04] INFO: Adding new titles to cache...
[2018-11-12 12:13:27] INFO: ***** STARTING PROCESSING *****
[2018-11-12 12:13:28] INFO: ***** Loading data ******
[2018-11-12 12:13:28] INFO: Loading LRS database...
[2018-11-12 12:13:28] WARN: Skipping downloading of package lists, they may be out of date!
[2018-11-12 12:13:28] INFO: Getting category descriptions...
[2018-11-12 12:13:28] INFO: Getting cached titles...
[2018-11-12 12:13:28] INFO: Adding new titles to cache...
[2018-11-12 12:15:59] INFO: ***** STARTING PROCESSING *****
[2018-11-12 12:15:59] INFO: ***** Loading data ******
[2018-11-12 12:15:59] INFO: Loading LRS database...
[2018-11-12 12:15:59] WARN: Skipping downloading of package lists, they may be out of date!
[2018-11-12 12:15:59] INFO: Getting category descriptions...
[2018-11-12 12:15:59] INFO: Getting cached titles...
[2018-11-12 12:15:59] INFO: Adding new titles to cache...
[2018-11-12 12:24:37] INFO: ***** STARTING PROCESSING *****
[2018-11-12 12:24:38] INFO: ***** Loading data ******
[2018-11-12 12:24:38] INFO: Loading LRS database...
[2018-11-12 12:24:38] WARN: Skipping downloading of package lists, they may be out of date!
[2018-11-12 12:24:38] INFO: Getting category descriptions...
[2018-11-12 12:24:38] INFO: Getting cached titles...
[2018-11-12 12:26:00] INFO: ***** STARTING PROCESSING *****
[2018-11-12 12:26:00] INFO: ***** Loading data ******
[2018-11-12 12:26:00] INFO: Loading LRS database...
[2018-11-12 12:26:00] WARN: Skipping downloading of package lists, they may be out of date!
[2018-11-12 12:26:00] INFO: Getting category descriptions...
[2018-11-12 12:26:00] INFO: Getting cached titles...
[2018-11-12 12:26:17] INFO: ***** STARTING PROCESSING *****
[2018-11-12 12:26:17] INFO: ***** Loading data ******
[2018-11-12 12:26:17] INFO: Loading LRS database...
[2018-11-12 12:26:17] WARN: Skipping downloading of package lists, they may be out of date!
[2018-11-12 12:26:17] INFO: Getting category descriptions...
[2018-11-12 12:26:17] INFO: Getting cached titles...
[2018-11-12 12:26:17] INFO: Adding new titles to cache...
[2018-11-12 12:29:04] INFO: ***** STARTING PROCESSING *****
[2018-11-12 12:29:05] INFO: ***** Loading data ******
[2018-11-12 12:29:05] INFO: Loading LRS database...
[2018-11-12 12:29:05] WARN: Skipping downloading of package lists, they may be out of date!
[2018-11-12 12:29:05] INFO: Getting category descriptions...
[2018-11-12 12:29:05] INFO: Getting cached titles...
[2018-11-12 12:29:05] INFO: Adding new titles to cache...
[2018-11-12 12:41:10] INFO: ***** STARTING PROCESSING *****
[2018-11-12 12:41:10] INFO: ***** Loading data ******
[2018-11-12 12:41:10] INFO: Loading LRS database...
[2018-11-12 12:41:10] WARN: Skipping downloading of package lists, they may be out of date!
[2018-11-12 12:41:10] INFO: Getting category descriptions...
[2018-11-12 12:41:10] INFO: Getting cached titles...
[2018-11-12 12:41:10] INFO: Adding new titles to cache...
[2018-11-12 12:43:51] INFO: ***** STARTING PROCESSING *****
[2018-11-12 12:43:51] INFO: ***** Loading data ******
[2018-11-12 12:43:51] INFO: Loading LRS database...
[2018-11-12 12:43:51] WARN: Skipping downloading of package lists, they may be out of date!
[2018-11-12 12:43:51] INFO: Getting category descriptions...
[2018-11-12 12:43:51] INFO: Getting cached titles...
[2018-11-12 12:43:51] INFO: Adding new titles to cache...
[2018-11-12 12:44:19] INFO: ***** STARTING PROCESSING *****
[2018-11-12 12:44:19] INFO: ***** Loading data ******
[2018-11-12 12:44:19] INFO: Loading LRS database...
[2018-11-12 12:44:19] WARN: Skipping downloading of package lists, they may be out of date!
[2018-11-12 12:44:19] INFO: Getting category descriptions...
[2018-11-12 12:44:19] INFO: Getting cached titles...
[2018-11-12 12:44:20] INFO: Adding new titles to cache...
[2018-11-12 12:49:28] INFO: ***** STARTING PROCESSING *****
[2018-11-12 12:49:28] INFO: ***** Loading data ******
[2018-11-12 12:49:28] INFO: Loading LRS database...
[2018-11-12 12:49:29] WARN: Skipping downloading of package lists, they may be out of date!
[2018-11-12 12:49:29] INFO: Getting category descriptions...
[2018-11-12 12:49:29] INFO: Getting cached titles...
[2018-11-12 12:49:29] INFO: Adding new titles to cache...
[2018-11-12 12:50:08] INFO: ***** STARTING PROCESSING *****
[2018-11-12 12:50:08] INFO: ***** Loading data ******
[2018-11-12 12:50:08] INFO: Loading LRS database...
[2018-11-12 12:50:08] WARN: Skipping downloading of package lists, they may be out of date!
[2018-11-12 12:50:08] INFO: Getting category descriptions...
[2018-11-12 12:50:08] INFO: Getting cached titles...
[2018-11-12 12:50:08] INFO: Adding new titles to cache...
[2018-11-12 12:50:12] INFO: ***** STARTING PROCESSING *****
[2018-11-12 12:50:12] INFO: ***** Loading data ******
[2018-11-12 12:50:12] INFO: Loading LRS database...
[2018-11-12 12:50:12] WARN: Skipping downloading of package lists, they may be out of date!
[2018-11-12 12:50:12] INFO: Getting category descriptions...
[2018-11-12 12:50:12] INFO: Getting cached titles...
[2018-11-12 12:50:12] INFO: Adding new titles to cache...
[2018-11-12 12:50:37] INFO: ***** STARTING PROCESSING *****
[2018-11-12 12:50:37] INFO: ***** Loading data ******
[2018-11-12 12:50:37] INFO: Loading LRS database...
[2018-11-12 12:50:37] WARN: Skipping downloading of package lists, they may be out of date!
[2018-11-12 12:50:37] INFO: Getting category descriptions...
[2018-11-12 12:50:37] INFO: Getting cached titles...
[2018-11-12 12:51:46] INFO: ***** STARTING PROCESSING *****
[2018-11-12 12:51:46] INFO: ***** Loading data ******
[2018-11-12 12:51:46] INFO: Loading LRS database...
[2018-11-12 12:51:46] WARN: Skipping downloading of package lists, they may be out of date!
[2018-11-12 12:51:46] INFO: Getting category descriptions...
[2018-11-12 12:51:46] INFO: Getting cached titles...
[2018-11-12 12:51:46] INFO: Cache file missing, creating...
[2018-11-12 12:51:55] INFO: ***** STARTING PROCESSING *****
[2018-11-12 12:51:55] INFO: ***** Loading data ******
[2018-11-12 12:51:55] INFO: Loading LRS database...
[2018-11-12 12:51:55] WARN: Skipping downloading of package lists, they may be out of date!
[2018-11-12 12:51:55] INFO: Getting category descriptions...
[2018-11-12 12:51:55] INFO: Getting cached titles...
[2018-11-12 12:51:55] INFO: Adding new titles to cache...
[2018-11-12 12:52:51] INFO: Added 56 new titles to cache
[2018-11-12 12:52:51] INFO: Checking repositories...
[2018-11-12 12:52:51] INFO: Added 0 new repositories
[2018-11-12 12:52:51] INFO: Ignored 0 repostories
[2018-11-12 12:52:51] INFO: ***** Processing table ******
[2018-11-12 12:52:51] INFO: Adding references...
[2018-11-12 12:54:00] INFO: Adding Github...
[2018-11-12 12:54:00] INFO: Adding package repositories...
[2018-11-12 12:54:00] INFO: Tidying data...
[2018-11-12 12:54:00] INFO: Adding categories to table...
[2018-11-12 12:54:00] INFO: ***** Downloading shields ******
[2018-11-12 12:54:00] INFO: Getting shields...
[2018-11-12 12:54:00] INFO: Downloading Bioconductor shields...
[2018-11-12 12:54:00] INFO: Downloading CRAN shields...
[2018-11-12 12:54:00] INFO: Downloading PyPI shields...
[2018-11-12 12:55:04] INFO: Downloading GitHub shields...
[2018-11-12 13:08:54] INFO: ***** STARTING PROCESSING *****
[2018-11-12 13:08:54] INFO: ***** Loading data ******
[2018-11-12 13:08:54] INFO: Loading LRS database...
[2018-11-12 13:08:54] WARN: Skipping downloading of package lists, they may be out of date!
[2018-11-12 13:08:54] INFO: Getting category descriptions...
[2018-11-12 13:08:54] INFO: Getting cached titles...
[2018-11-12 13:08:55] INFO: Adding new titles to cache...
[2018-11-12 13:08:55] INFO: Added 0 new titles to cache
[2018-11-12 13:08:55] INFO: Checking repositories...
[2018-11-12 13:08:55] INFO: Added 0 new repositories
[2018-11-12 13:08:55] INFO: Ignored 0 repostories
[2018-11-12 13:08:55] INFO: ***** Processing table ******
[2018-11-12 13:08:55] INFO: Adding references...
[2018-11-12 13:10:00] INFO: Adding Github...
[2018-11-12 13:10:00] INFO: Adding package repositories...
[2018-11-12 13:10:00] INFO: Tidying data...
[2018-11-12 13:10:00] INFO: Adding categories to table...
[2018-11-12 13:10:00] INFO: ***** Downloading shields ******
[2018-11-12 13:10:00] INFO: Getting shields...
[2018-11-12 13:10:00] INFO: Downloading Bioconductor shields...
[2018-11-12 13:10:00] INFO: Downloading CRAN shields...
[2018-11-12 13:10:00] INFO: Downloading PyPI shields...
[2018-11-12 13:11:05] INFO: Downloading GitHub shields...
[2018-11-12 13:18:23] INFO: ***** Converting to JSON *****
[2018-11-12 13:18:23] INFO: Converting table...
[2018-11-12 13:18:23] INFO: Converting tools table...
[2018-11-12 13:18:23] INFO: Writing 'tools-table.json'...
[2018-11-12 13:18:23] INFO: Converting tools...
[2018-11-12 13:18:23] INFO: Writing 'tools.json'...
[2018-11-12 13:18:23] INFO: Converting categories...
[2018-11-12 13:18:23] INFO: Writing 'categories.json'...
[2018-11-12 13:18:23] INFO: ***** Performing analysis *****
[2018-11-12 13:18:23] WARN: Skipping analysis, this may be out of date!
[2018-11-12 13:18:23] WARN: Some processing has been skipped, last updated time will not be set!
[2018-11-12 13:18:23] INFO: **** PROCESSING FINISHED *****
[2018-11-12 13:30:52] INFO: ***** STARTING PROCESSING *****
[2018-11-12 13:30:52] INFO: ***** Loading data ******
[2018-11-12 13:30:52] INFO: Loading LRS database...
[2018-11-12 13:30:53] INFO: Getting package repositories...
[2018-11-12 13:30:53] INFO: Getting Bioconductor package list...
[2018-11-12 13:30:54] INFO: Getting CRAN package list...
[2018-11-12 13:31:00] INFO: Getting PyPI package list...
[2018-11-12 13:31:04] INFO: Getting Anaconda package list...
[2018-11-12 13:32:04] INFO: Getting category descriptions...
[2018-11-12 13:32:04] INFO: Getting cached titles...
[2018-11-12 13:32:04] INFO: Adding new titles to cache...
[2018-11-12 13:32:04] INFO: Added 0 new titles to cache
[2018-11-12 13:32:04] INFO: Checking repositories...
[2018-11-12 13:32:04] INFO: Added 0 new repositories
[2018-11-12 13:32:04] INFO: Ignored 0 repostories
[2018-11-12 13:32:04] INFO: ***** Processing table ******
[2018-11-12 13:32:04] INFO: Adding references...
[2018-11-12 13:33:05] INFO: Adding Github...
[2018-11-12 13:33:05] INFO: Adding package repositories...
[2018-11-12 13:33:05] INFO: Tidying data...
[2018-11-12 13:33:05] INFO: Adding categories to table...
[2018-11-12 13:33:05] INFO: ***** Downloading shields ******
[2018-11-12 13:33:05] INFO: Getting shields...
[2018-11-12 13:33:05] INFO: Downloading Bioconductor shields...
[2018-11-12 13:33:05] INFO: Downloading CRAN shields...
[2018-11-12 13:33:06] INFO: Downloading PyPI shields...
[2018-11-12 13:33:36] INFO: Downloading GitHub shields...
[2018-11-12 13:37:35] INFO: ***** Converting to JSON *****
[2018-11-12 13:37:35] INFO: Converting table...
[2018-11-12 13:37:35] INFO: Converting tools table...
[2018-11-12 13:37:35] INFO: Writing 'tools-table.json'...
[2018-11-12 13:37:35] INFO: Converting tools...
[2018-11-12 13:37:35] INFO: Writing 'tools.json'...
[2018-11-12 13:37:35] INFO: Converting categories...
[2018-11-12 13:37:35] INFO: Writing 'categories.json'...
[2018-11-12 13:37:35] INFO: ***** Performing analysis *****
[2018-11-12 13:37:35] INFO: Plotting publication status...
[2018-11-12 13:37:38] INFO: Plotting licenses...
[2018-11-12 13:37:40] INFO: Plotting platforms...
[2018-11-12 13:37:41] INFO: Plotting categories...
[2018-11-12 13:37:43] INFO: ****** All processing complete *****
[2018-11-12 13:37:43] INFO: **** PROCESSING FINISHED *****
